2019-01-04 15:09:59,006 [INFO] from play.api.http.EnabledFilters in play-dev-mode-akka.actor.default-dispatcher-2 - Enabled Filters (see <https://www.playframework.com/documentation/latest/Filters>):

    play.filters.csrf.CSRFFilter
    play.filters.headers.SecurityHeadersFilter
    play.filters.hosts.AllowedHostsFilter

2019-01-04 15:09:59,085 [INFO] from play.api.Play in play-dev-mode-akka.actor.default-dispatcher-2 - Application started (Dev)
2019-01-04 15:10:15,099 [ERROR] from akka.dispatch.TaskInvocation in application-akka.actor.default-dispatcher-6 - Unable to look up TXT record for host cluster0-xsvln.mongodb.net
com.mongodb.MongoConfigurationException: Unable to look up TXT record for host cluster0-xsvln.mongodb.net
	at com.mongodb.internal.dns.DnsResolver.resolveAdditionalQueryParametersFromTxtRecords(DnsResolver.java:123)
	at com.mongodb.ConnectionString.<init>(ConnectionString.java:353)
	at com.mongodb.MongoClientURI.<init>(MongoClientURI.java:238)
	at com.mongodb.MongoClientURI.<init>(MongoClientURI.java:220)
	at model.DBConnection.URI(DBConnection.java:31)
	at model.DBConnection.createConnection(DBConnection.java:37)
	at model.DBConnection.getConnection(DBConnection.java:24)
	at model.DayService.days(DayService.java:36)
	at model.DayService.deleteDaysCollection(DayService.java:40)
	at jobs.services.simulateSystem(services.java:51)
	at akka.actor.LightArrayRevolverScheduler$$anon$2$$anon$1.run(LightArrayRevolverScheduler.scala:101)
	at akka.dispatch.TaskInvocation.run(AbstractDispatcher.scala:40)
	at akka.dispatch.ForkJoinExecutorConfigurator$AkkaForkJoinTask.exec(ForkJoinExecutorConfigurator.scala:44)
	at akka.dispatch.forkjoin.ForkJoinTask.doExec(ForkJoinTask.java:260)
	at akka.dispatch.forkjoin.ForkJoinPool$WorkQueue.runTask(ForkJoinPool.java:1339)
	at akka.dispatch.forkjoin.ForkJoinPool.runWorker(ForkJoinPool.java:1979)
	at akka.dispatch.forkjoin.ForkJoinWorkerThread.run(ForkJoinWorkerThread.java:107)
Caused by: javax.naming.CommunicationException: DNS error
	at com.sun.jndi.dns.DnsClient.query(DnsClient.java:312)
	at com.sun.jndi.dns.Resolver.query(Resolver.java:81)
	at com.sun.jndi.dns.DnsContext.c_getAttributes(DnsContext.java:434)
	at com.sun.jndi.toolkit.ctx.ComponentDirContext.p_getAttributes(ComponentDirContext.java:235)
	at com.sun.jndi.toolkit.ctx.PartialCompositeDirContext.getAttributes(PartialCompositeDirContext.java:141)
	at com.sun.jndi.toolkit.ctx.PartialCompositeDirContext.getAttributes(PartialCompositeDirContext.java:129)
	at javax.naming.directory.InitialDirContext.getAttributes(InitialDirContext.java:142)
	at com.mongodb.internal.dns.DnsResolver.resolveAdditionalQueryParametersFromTxtRecords(DnsResolver.java:106)
	... 16 common frames omitted
Caused by: java.net.SocketTimeoutException: Receive timed out
	at java.net.PlainDatagramSocketImpl.receive0(Native Method)
	at java.net.AbstractPlainDatagramSocketImpl.receive(AbstractPlainDatagramSocketImpl.java:143)
	at java.net.DatagramSocket.receive(DatagramSocket.java:812)
	at com.sun.jndi.dns.DnsClient.doUdpQuery(DnsClient.java:422)
	at com.sun.jndi.dns.DnsClient.query(DnsClient.java:211)
	... 23 common frames omitted
2019-01-04 15:10:31,744 [ERROR] from application in application-akka.actor.default-dispatcher-6 - 

! @7aeg6c3af - Internal server error, for (GET) [/day/1234] ->
 
play.api.http.HttpErrorHandlerExceptions$$anon$1: Execution exception[[MongoConfigurationException: Unable to look up TXT record for host cluster0-xsvln.mongodb.net]]
	at play.api.http.HttpErrorHandlerExceptions$.throwableToUsefulException(HttpErrorHandler.scala:251)
	at play.api.http.DefaultHttpErrorHandler.onServerError(HttpErrorHandler.scala:178)
	at play.core.server.AkkaHttpServer$$anonfun$1.applyOrElse(AkkaHttpServer.scala:382)
	at play.core.server.AkkaHttpServer$$anonfun$1.applyOrElse(AkkaHttpServer.scala:380)
	at scala.concurrent.Future.$anonfun$recoverWith$1(Future.scala:413)
	at scala.concurrent.impl.Promise.$anonfun$transformWith$1(Promise.scala:37)
	at scala.concurrent.impl.CallbackRunnable.run(Promise.scala:60)
	at akka.dispatch.BatchingExecutor$AbstractBatch.processBatch(BatchingExecutor.scala:55)
	at akka.dispatch.BatchingExecutor$BlockableBatch.$anonfun$run$1(BatchingExecutor.scala:91)
	at scala.runtime.java8.JFunction0$mcV$sp.apply(JFunction0$mcV$sp.java:12)
	at scala.concurrent.BlockContext$.withBlockContext(BlockContext.scala:81)
	at akka.dispatch.BatchingExecutor$BlockableBatch.run(BatchingExecutor.scala:91)
	at akka.dispatch.TaskInvocation.run(AbstractDispatcher.scala:40)
	at akka.dispatch.ForkJoinExecutorConfigurator$AkkaForkJoinTask.exec(ForkJoinExecutorConfigurator.scala:44)
	at akka.dispatch.forkjoin.ForkJoinTask.doExec(ForkJoinTask.java:260)
	at akka.dispatch.forkjoin.ForkJoinPool$WorkQueue.runTask(ForkJoinPool.java:1339)
	at akka.dispatch.forkjoin.ForkJoinPool.runWorker(ForkJoinPool.java:1979)
	at akka.dispatch.forkjoin.ForkJoinWorkerThread.run(ForkJoinWorkerThread.java:107)
Caused by: com.mongodb.MongoConfigurationException: Unable to look up TXT record for host cluster0-xsvln.mongodb.net
	at com.mongodb.internal.dns.DnsResolver.resolveAdditionalQueryParametersFromTxtRecords(DnsResolver.java:123)
	at com.mongodb.ConnectionString.<init>(ConnectionString.java:353)
	at com.mongodb.MongoClientURI.<init>(MongoClientURI.java:238)
	at com.mongodb.MongoClientURI.<init>(MongoClientURI.java:220)
	at model.DBConnection.URI(DBConnection.java:31)
	at model.DBConnection.createConnection(DBConnection.java:37)
	at model.DBConnection.getConnection(DBConnection.java:24)
	at model.DayService.days(DayService.java:36)
	at model.DayService.findDay(DayService.java:30)
	at controllers.DayController.show(DayController.java:22)
	at router.Routes$$anonfun$routes$1.$anonfun$applyOrElse$4(Routes.scala:122)
	at play.core.routing.HandlerInvokerFactory$$anon$3.resultCall(HandlerInvoker.scala:134)
	at play.core.routing.HandlerInvokerFactory$$anon$3.resultCall(HandlerInvoker.scala:133)
	at play.core.routing.HandlerInvokerFactory$JavaActionInvokerFactory$$anon$8$$anon$2$$anon$1.invocation(HandlerInvoker.scala:108)
	at play.core.j.JavaAction$$anon$1.call(JavaAction.scala:88)
	at play.http.DefaultActionCreator$1.call(DefaultActionCreator.java:31)
	at play.core.j.JavaAction.$anonfun$apply$8(JavaAction.scala:138)
	at scala.concurrent.Future$.$anonfun$apply$1(Future.scala:654)
	at scala.util.Success.$anonfun$map$1(Try.scala:251)
	at scala.util.Success.map(Try.scala:209)
	at scala.concurrent.Future.$anonfun$map$1(Future.scala:288)
	at scala.concurrent.impl.Promise.liftedTree1$1(Promise.scala:29)
	at scala.concurrent.impl.Promise.$anonfun$transform$1(Promise.scala:29)
	at scala.concurrent.impl.CallbackRunnable.run(Promise.scala:60)
	at play.core.j.HttpExecutionContext$$anon$2.run(HttpExecutionContext.scala:56)
	at play.api.libs.streams.Execution$trampoline$.execute(Execution.scala:70)
	at play.core.j.HttpExecutionContext.execute(HttpExecutionContext.scala:48)
	at scala.concurrent.impl.CallbackRunnable.executeWithValue(Promise.scala:68)
	at scala.concurrent.impl.Promise$KeptPromise$Kept.onComplete(Promise.scala:368)
	at scala.concurrent.impl.Promise$KeptPromise$Kept.onComplete$(Promise.scala:367)
	at scala.concurrent.impl.Promise$KeptPromise$Successful.onComplete(Promise.scala:375)
	at scala.concurrent.impl.Promise.transform(Promise.scala:29)
	at scala.concurrent.impl.Promise.transform$(Promise.scala:27)
	at scala.concurrent.impl.Promise$KeptPromise$Successful.transform(Promise.scala:375)
	at scala.concurrent.Future.map(Future.scala:288)
	at scala.concurrent.Future.map$(Future.scala:288)
	at scala.concurrent.impl.Promise$KeptPromise$Successful.map(Promise.scala:375)
	at scala.concurrent.Future$.apply(Future.scala:654)
	at play.core.j.JavaAction.apply(JavaAction.scala:138)
	at play.api.mvc.Action.$anonfun$apply$2(Action.scala:96)
	at play.api.libs.streams.StrictAccumulator.$anonfun$mapFuture$4(Accumulator.scala:174)
	at scala.util.Try$.apply(Try.scala:209)
	at play.api.libs.streams.StrictAccumulator.$anonfun$mapFuture$3(Accumulator.scala:174)
	at scala.Function1.$anonfun$andThen$1(Function1.scala:52)
	at scala.Function1.$anonfun$andThen$1(Function1.scala:52)
	at play.api.libs.streams.StrictAccumulator.run(Accumulator.scala:207)
	at play.core.server.AkkaHttpServer.$anonfun$runAction$4(AkkaHttpServer.scala:376)
	at akka.http.scaladsl.util.FastFuture$.strictTransform$1(FastFuture.scala:41)
	at akka.http.scaladsl.util.FastFuture$.$anonfun$transformWith$3(FastFuture.scala:51)
	... 12 common frames omitted
Caused by: javax.naming.CommunicationException: DNS error
	at com.sun.jndi.dns.DnsClient.query(DnsClient.java:312)
	at com.sun.jndi.dns.Resolver.query(Resolver.java:81)
	at com.sun.jndi.dns.DnsContext.c_getAttributes(DnsContext.java:434)
	at com.sun.jndi.toolkit.ctx.ComponentDirContext.p_getAttributes(ComponentDirContext.java:235)
	at com.sun.jndi.toolkit.ctx.PartialCompositeDirContext.getAttributes(PartialCompositeDirContext.java:141)
	at com.sun.jndi.toolkit.ctx.PartialCompositeDirContext.getAttributes(PartialCompositeDirContext.java:129)
	at javax.naming.directory.InitialDirContext.getAttributes(InitialDirContext.java:142)
	at com.mongodb.internal.dns.DnsResolver.resolveAdditionalQueryParametersFromTxtRecords(DnsResolver.java:106)
	... 60 common frames omitted
Caused by: java.net.SocketTimeoutException: Receive timed out
	at java.net.PlainDatagramSocketImpl.receive0(Native Method)
	at java.net.AbstractPlainDatagramSocketImpl.receive(AbstractPlainDatagramSocketImpl.java:143)
	at java.net.DatagramSocket.receive(DatagramSocket.java:812)
	at com.sun.jndi.dns.DnsClient.doUdpQuery(DnsClient.java:422)
	at com.sun.jndi.dns.DnsClient.query(DnsClient.java:211)
	... 67 common frames omitted
